Arguments: 
  C:\Program Files\nodejs\node.exe C:\Users\Way\AppData\Roaming\npm\node_modules\yarn\bin\yarn.js add @anwar1909%2freact-native-background-geolocation

PATH: 
  C:\Windows\system32;C:\Windows;C:\Windows\System32\Wbem;C:\Windows\System32\WindowsPowerShell\v1.0\;C:\Windows\System32\OpenSSH\;C:\Program Files\Microsoft VS Code\bin;C:\ProgramData\chocolatey\bin;C:\Program Files\nodejs\;C:\Program Files\OpenJDK\openjdk-11.0.16_8\bin;C:\Program Files\Git\cmd;F:\xampp\php;C:\ProgramData\ComposerSetup\bin;C:\Users\Way\AppData\Local\Microsoft\WindowsApps;C:\Users\Way\AppData\Roaming\npm;C:\Users\Way\AppData\Local\Android\Sdk\platform-tools;C:\Users\Way\AppData\Local\GitHubDesktop\bin;C:\Users\Way\AppData\Roaming\Composer\vendor\bin

Yarn version: 
  1.22.19

Node version: 
  16.17.0

Platform: 
  win32 x64

Trace: 
  Error: https://registry.yarnpkg.com/@anwar1909%2freact-native-background-geolocation: Not found
      at Request.params.callback [as _callback] (C:\Users\Way\AppData\Roaming\npm\node_modules\yarn\lib\cli.js:66145:18)
      at Request.self.callback (C:\Users\Way\AppData\Roaming\npm\node_modules\yarn\lib\cli.js:140890:22)
      at Request.emit (node:events:513:28)
      at Request.<anonymous> (C:\Users\Way\AppData\Roaming\npm\node_modules\yarn\lib\cli.js:141862:10)
      at Request.emit (node:events:513:28)
      at IncomingMessage.<anonymous> (C:\Users\Way\AppData\Roaming\npm\node_modules\yarn\lib\cli.js:141784:12)
      at Object.onceWrapper (node:events:627:28)
      at IncomingMessage.emit (node:events:525:35)
      at endReadableNT (node:internal/streams/readable:1358:12)
      at processTicksAndRejections (node:internal/process/task_queues:83:21)

npm manifest: 
  {
    "name": "@anwar1909/react-native-background-geolocation",
    "version": "0.7.0",
    "description": "Optimized background location tracking",
    "main": "./index.js",
    "types": "./index.d.ts",
    "scripts": {
      "link": "@anwar1909/react-native-background-geolocation/scripts/postlink.js",
      "unlink": "@anwar1909/react-native-background-geolocation/scripts/postunlink.js",
      "test": "echo \"Error: no test specified\" && exit 1"
    },
    "repository": {
      "type": "git",
      "url": "git+https://github.com/anwar1909/react-native-background-geolocation.git"
    },
    "keywords": [
      "gps",
      "geolocation",
      "position",
      "location",
      "tracking",
      "background",
      "react",
      "react-native",
      "react-component",
      "android",
      "ios"
    ],
    "author": "Marian Hello",
    "maintainers": [
      {
        "email": "anwar.sadad1909@gmail.com",
        "name": "Anwar"
      },
      {
        "email": "anwar.sadad1909@gmail.com",
        "name": "Anwar"
      }
    ],
    "license": "Apache-2.0",
    "bugs": {
      "url": "https://github.com/anwar1909/react-native-background-geolocation/issues"
    },
    "homepage": "https://github.com/anwar1909/react-native-background-geolocation#readme",
    "dependencies": {
      "@anwar1909/react-native-background-geolocation": "^0.6.9",
      "plist": "^3.0.1"
    },
    "peerDependencies": {
      "react-native": ">=0.60.5"
    }
  }

yarn manifest: 
  No manifest

Lockfile: 
  No lockfile
